{
  "RSpec": {
    "coverage": {
      "/home/charles/Cloned/Github/Rails/RSpec-Practice/rails_app/spec/models/customer_spec.rb": {
        "lines": [
          null,
          null,
          1,
          null,
          null,
          null,
          null
        ]
      },
      "/home/charles/Cloned/Github/Rails/RSpec-Practice/rails_app/spec/rails_helper.rb": {
        "lines": [
          null,
          null,
          null,
          1,
          1,
          null,
          0,
          0,
          0,
          null,
          null,
          null,
          null,
          null,
          null,
          null,
          null,
          null,
          null,
          null,
          null,
          null,
          null,
          null,
          null,
          null,
          null,
          null,
          0,
          null,
          0,
          null,
          0,
          null,
          null,
          null,
          null,
          0,
          null,
          null,
          null,
          null,
          null,
          null,
          null,
          null,
          null,
          null,
          null,
          null,
          null,
          null,
          0,
          null
        ]
      }
    },
    "timestamp": 1660069227
  }
}
